<?xml version="1.0" encoding="UTF-8"?>
<testsuite name="org.eclipse.bpmn2.tools.ecoremerger.ProcessorTest" time="0.002" tests="1" errors="0" skipped="0" failures="0">
  <properties>
    <property name="java.vendor" value="Oracle Corporation"/>
    <property name="osgi.bundles.defaultStartLevel" value="4"/>
    <property name="sun.java.launcher" value="SUN_STANDARD"/>
    <property name="org.osgi.supports.framework.extension" value="true"/>
    <property name="sun.management.compiler" value="HotSpot 64-Bit Tiered Compilers"/>
    <property name="os.name" value="Mac OS X"/>
    <property name="sun.boot.class.path" value="/Library/Java/JavaVirtualMachines/jdk1.8.0_181.jdk/Contents/Home/jre/lib/resources.jar:/Library/Java/JavaVirtualMachines/jdk1.8.0_181.jdk/Contents/Home/jre/lib/rt.jar:/Library/Java/JavaVirtualMachines/jdk1.8.0_181.jdk/Contents/Home/jre/lib/sunrsasign.jar:/Library/Java/JavaVirtualMachines/jdk1.8.0_181.jdk/Contents/Home/jre/lib/jsse.jar:/Library/Java/JavaVirtualMachines/jdk1.8.0_181.jdk/Contents/Home/jre/lib/jce.jar:/Library/Java/JavaVirtualMachines/jdk1.8.0_181.jdk/Contents/Home/jre/lib/charsets.jar:/Library/Java/JavaVirtualMachines/jdk1.8.0_181.jdk/Contents/Home/jre/lib/jfr.jar:/Library/Java/JavaVirtualMachines/jdk1.8.0_181.jdk/Contents/Home/jre/classes"/>
    <property name="osgi.ws" value="cocoa"/>
    <property name="java.vm.specification.vendor" value="Oracle Corporation"/>
    <property name="java.runtime.version" value="1.8.0_181-b13"/>
    <property name="osgi.instance.area" value="file:/Users/delacyr/git/bplframework/bpmn2/org.eclipse.bpmn2.tools.ecoremerger/target/work/data/"/>
    <property name="osgi.noShutdown" value="false"/>
    <property name="user.name" value="delacyr"/>
    <property name="org.osgi.framework.system.packages" value="javax.accessibility,javax.activation,javax.activity,javax.annotation,javax.annotation.processing,javax.crypto,javax.crypto.interfaces,javax.crypto.spec,javax.imageio,javax.imageio.event,javax.imageio.metadata,javax.imageio.plugins.bmp,javax.imageio.plugins.jpeg,javax.imageio.spi,javax.imageio.stream,javax.jws,javax.jws.soap,javax.lang.model,javax.lang.model.element,javax.lang.model.type,javax.lang.model.util,javax.management,javax.management.event,javax.management.loading,javax.management.modelmbean,javax.management.monitor,javax.management.namespace,javax.management.openmbean,javax.management.relation,javax.management.remote,javax.management.remote.rmi,javax.management.timer,javax.naming,javax.naming.directory,javax.naming.event,javax.naming.ldap,javax.naming.spi,javax.net,javax.net.ssl,javax.print,javax.print.attribute,javax.print.attribute.standard,javax.print.event,javax.rmi,javax.rmi.CORBA,javax.rmi.ssl,javax.script,javax.security.auth,javax.security.auth.callback,javax.security.auth.kerberos,javax.security.auth.login,javax.security.auth.spi,javax.security.auth.x500,javax.security.cert,javax.security.sasl,javax.sound.midi,javax.sound.midi.spi,javax.sound.sampled,javax.sound.sampled.spi,javax.sql,javax.sql.rowset,javax.sql.rowset.serial,javax.sql.rowset.spi,javax.swing,javax.swing.border,javax.swing.colorchooser,javax.swing.event,javax.swing.filechooser,javax.swing.plaf,javax.swing.plaf.basic,javax.swing.plaf.metal,javax.swing.plaf.multi,javax.swing.plaf.nimbus,javax.swing.plaf.synth,javax.swing.table,javax.swing.text,javax.swing.text.html,javax.swing.text.html.parser,javax.swing.text.rtf,javax.swing.tree,javax.swing.undo,javax.tools,javax.transaction,javax.transaction.xa,javax.xml,javax.xml.bind,javax.xml.bind.annotation,javax.xml.bind.annotation.adapters,javax.xml.bind.attachment,javax.xml.bind.helpers,javax.xml.bind.util,javax.xml.crypto,javax.xml.crypto.dom,javax.xml.crypto.dsig,javax.xml.crypto.dsig.dom,javax.xml.crypto.dsig.keyinfo,javax.xml.crypto.dsig.spec,javax.xml.datatype,javax.xml.namespace,javax.xml.parsers,javax.xml.soap,javax.xml.stream,javax.xml.stream.events,javax.xml.stream.util,javax.xml.transform,javax.xml.transform.dom,javax.xml.transform.sax,javax.xml.transform.stax,javax.xml.transform.stream,javax.xml.validation,javax.xml.ws,javax.xml.ws.handler,javax.xml.ws.handler.soap,javax.xml.ws.http,javax.xml.ws.soap,javax.xml.ws.spi,javax.xml.ws.wsaddressing,javax.xml.xpath,org.ietf.jgss,org.omg.CORBA,org.omg.CORBA_2_3,org.omg.CORBA_2_3.portable,org.omg.CORBA.DynAnyPackage,org.omg.CORBA.ORBPackage,org.omg.CORBA.portable,org.omg.CORBA.TypeCodePackage,org.omg.CosNaming,org.omg.CosNaming.NamingContextExtPackage,org.omg.CosNaming.NamingContextPackage,org.omg.Dynamic,org.omg.DynamicAny,org.omg.DynamicAny.DynAnyFactoryPackage,org.omg.DynamicAny.DynAnyPackage,org.omg.IOP,org.omg.IOP.CodecFactoryPackage,org.omg.IOP.CodecPackage,org.omg.Messaging,org.omg.PortableInterceptor,org.omg.PortableInterceptor.ORBInitInfoPackage,org.omg.PortableServer,org.omg.PortableServer.CurrentPackage,org.omg.PortableServer.POAManagerPackage,org.omg.PortableServer.POAPackage,org.omg.PortableServer.portable,org.omg.PortableServer.ServantLocatorPackage,org.omg.SendingContext,org.omg.stub.java.rmi,org.w3c.dom,org.w3c.dom.bootstrap,org.w3c.dom.css,org.w3c.dom.events,org.w3c.dom.html,org.w3c.dom.ls,org.w3c.dom.ranges,org.w3c.dom.stylesheets,org.w3c.dom.traversal,org.w3c.dom.views,org.w3c.dom.xpath,org.xml.sax,org.xml.sax.ext,org.xml.sax.helpers"/>
    <property name="org.osgi.framework.language" value="pt"/>
    <property name="user.language" value="pt"/>
    <property name="org.osgi.framework.processor" value="x86-64"/>
    <property name="osgi.syspath" value="/Users/delacyr/.m2/repository/p2/osgi/bundle/org.eclipse.osgi/3.6.2.R36x_v20110210"/>
    <property name="sun.boot.library.path" value="/Library/Java/JavaVirtualMachines/jdk1.8.0_181.jdk/Contents/Home/jre/lib"/>
    <property name="osgi.manifest.cache" value="/Users/delacyr/git/bplframework/bpmn2/org.eclipse.bpmn2.tools.ecoremerger/target/work/configuration/org.eclipse.osgi/manifests"/>
    <property name="java.version" value="1.8.0_181"/>
    <property name="org.osgi.framework.os.name" value="MacOSX"/>
    <property name="user.timezone" value="America/Campo_Grande"/>
    <property name="sun.arch.data.model" value="64"/>
    <property name="osgi.bundles" value="reference:file:/Users/delacyr/.m2/repository/p2/osgi/bundle/org.eclipse.core.variables/3.2.400.v20100505/org.eclipse.core.variables-3.2.400.v20100505.jar,reference:file:/Users/delacyr/.m2/repository/p2/osgi/bundle/org.eclipse.core.runtime/3.6.0.v20100505/org.eclipse.core.runtime-3.6.0.v20100505.jar@4:start,reference:file:/Users/delacyr/.m2/repository/p2/osgi/bundle/org.eclipse.ant.core/3.2.201.v20110203_r362/org.eclipse.ant.core-3.2.201.v20110203_r362.jar,reference:file:/Users/delacyr/git/bplframework/bpmn2/org.eclipse.bpmn2.tools.ecoremerger,reference:file:/Users/delacyr/.m2/repository/p2/osgi/bundle/org.eclipse.emf/2.6.0.v20100914-1218/org.eclipse.emf-2.6.0.v20100914-1218.jar,reference:file:/Users/delacyr/.m2/repository/p2/osgi/bundle/org.eclipse.jface/3.6.2.M20110210-1200/org.eclipse.jface-3.6.2.M20110210-1200.jar,reference:file:/Users/delacyr/.m2/repository/p2/osgi/bundle/org.eclipse.ui/3.6.2.M20110203-1100/org.eclipse.ui-3.6.2.M20110203-1100.jar,reference:file:/Users/delacyr/.m2/repository/p2/osgi/bundle/org.eclipse.emf.ecore/2.6.1.v20100914-1218/org.eclipse.emf.ecore-2.6.1.v20100914-1218.jar,reference:file:/Users/delacyr/.m2/repository/p2/osgi/bundle/org.eclipse.emf.ecore.xmi/2.5.0.v20100521-1846/org.eclipse.emf.ecore.xmi-2.5.0.v20100521-1846.jar,reference:file:/Users/delacyr/.m2/repository/p2/osgi/bundle/org.junit4/4.8.1.v20100525/org.junit4-4.8.1.v20100525.jar,reference:file:/Users/delacyr/.m2/repository/p2/osgi/bundle/org.eclipse.core.commands/3.6.0.I20100512-1500/org.eclipse.core.commands-3.6.0.I20100512-1500.jar,reference:file:/Users/delacyr/.m2/repository/p2/osgi/bundle/org.eclipse.equinox.common/3.6.0.v20100503/org.eclipse.equinox.common-3.6.0.v20100503.jar@2:start,reference:file:/Users/delacyr/.m2/repository/p2/osgi/bundle/org.eclipse.core.contenttype/3.4.100.v20100505-1235/org.eclipse.core.contenttype-3.4.100.v20100505-1235.jar,reference:file:/Users/delacyr/.m2/repository/p2/osgi/bundle/org.eclipse.equinox.preferences/3.3.0.v20100503/org.eclipse.equinox.preferences-3.3.0.v20100503.jar,reference:file:/Users/delacyr/.m2/repository/p2/osgi/bundle/org.eclipse.equinox.registry/3.5.0.v20100503/org.eclipse.equinox.registry-3.5.0.v20100503.jar,reference:file:/Users/delacyr/.m2/repository/p2/osgi/bundle/org.eclipse.core.databinding/1.3.100.I20100601-0800/org.eclipse.core.databinding-1.3.100.I20100601-0800.jar,reference:file:/Users/delacyr/.m2/repository/p2/osgi/bundle/org.eclipse.core.databinding.observable/1.3.0.I20100601-0800/org.eclipse.core.databinding.observable-1.3.0.I20100601-0800.jar,reference:file:/Users/delacyr/.m2/repository/p2/osgi/bundle/org.eclipse.core.databinding.property/1.3.0.I20100601-0800/org.eclipse.core.databinding.property-1.3.0.I20100601-0800.jar,reference:file:/Users/delacyr/.m2/repository/p2/osgi/bundle/com.ibm.icu/4.2.1.v20100412/com.ibm.icu-4.2.1.v20100412.jar,reference:file:/Users/delacyr/.m2/repository/p2/osgi/bundle/org.eclipse.core.expressions/3.4.200.v20100505/org.eclipse.core.expressions-3.4.200.v20100505.jar,reference:file:/Users/delacyr/.m2/repository/p2/osgi/bundle/org.eclipse.core.filesystem/1.3.1.R36x_v20100727-0745/org.eclipse.core.filesystem-1.3.1.R36x_v20100727-0745.jar,reference:file:/Users/delacyr/.m2/repository/p2/osgi/bundle/org.eclipse.core.jobs/3.5.1.R36x_v20100824/org.eclipse.core.jobs-3.5.1.R36x_v20100824.jar,reference:file:/Users/delacyr/.m2/repository/p2/osgi/bundle/org.eclipse.core.net/1.2.100.I20100511-0800/org.eclipse.core.net-1.2.100.I20100511-0800.jar,reference:file:/Users/delacyr/.m2/repository/p2/osgi/bundle/org.eclipse.equinox.security/1.0.200.v20100503/org.eclipse.equinox.security-1.0.200.v20100503.jar,reference:file:/Users/delacyr/.m2/repository/p2/osgi/bundle/org.eclipse.core.resources/3.6.1.R36x_v20110131-1630/org.eclipse.core.resources-3.6.1.R36x_v20110131-1630.jar,reference:file:/Users/delacyr/.m2/repository/p2/osgi/bundle/org.eclipse.core.runtime.compatibility.auth/3.2.200.v20100517/org.eclipse.core.runtime.compatibility.auth-3.2.200.v20100517.jar,reference:file:/Users/delacyr/.m2/repository/p2/osgi/bundle/org.eclipse.equinox.app/1.3.1.R36x_v20100803/org.eclipse.equinox.app-1.3.1.R36x_v20100803.jar,reference:file:/Users/delacyr/.m2/repository/p2/osgi/bundle/org.eclipse.ecf.identity/3.1.0.v20100906-1425/org.eclipse.ecf.identity-3.1.0.v20100906-1425.jar,reference:file:/Users/delacyr/.m2/repository/p2/osgi/bundle/org.eclipse.equinox.concurrent/1.0.100.v20100503/org.eclipse.equinox.concurrent-1.0.100.v20100503.jar,reference:file:/Users/delacyr/.m2/repository/p2/osgi/bundle/org.eclipse.osgi.services/3.2.100.v20100503/org.eclipse.osgi.services-3.2.100.v20100503.jar,reference:file:/Users/delacyr/.m2/repository/p2/osgi/bundle/org.eclipse.ecf/3.1.0.v20100906-1425/org.eclipse.ecf-3.1.0.v20100906-1425.jar,reference:file:/Users/delacyr/.m2/repository/p2/osgi/bundle/org.eclipse.ecf.filetransfer/4.0.0.v20100906-1425/org.eclipse.ecf.filetransfer-4.0.0.v20100906-1425.jar,reference:file:/Users/delacyr/.m2/repository/p2/osgi/bundle/org.eclipse.ecf.provider.filetransfer/3.1.0.v20100906-1425/org.eclipse.ecf.provider.filetransfer-3.1.0.v20100906-1425.jar,reference:file:/Users/delacyr/.m2/repository/p2/osgi/bundle/org.eclipse.emf.common/2.6.0.v20100914-1218/org.eclipse.emf.common-2.6.0.v20100914-1218.jar,reference:file:/Users/delacyr/.m2/repository/p2/osgi/bundle/org.eclipse.equinox.p2.core/2.0.3.R36x_v20110111/org.eclipse.equinox.p2.core-2.0.3.R36x_v20110111.jar,reference:file:/Users/delacyr/.m2/repository/p2/osgi/bundle/org.eclipse.equinox.p2.metadata.repository/1.1.0.v20100513/org.eclipse.equinox.p2.metadata.repository-1.1.0.v20100513.jar,reference:file:/Users/delacyr/.m2/repository/p2/osgi/bundle/org.eclipse.equinox.p2.repository/2.0.2.R36x_v20110111-1500/org.eclipse.equinox.p2.repository-2.0.2.R36x_v20110111-1500.jar,reference:file:/Users/delacyr/.m2/repository/p2/osgi/bundle/org.eclipse.equinox.p2.metadata/2.0.1.R36x_v20101202/org.eclipse.equinox.p2.metadata-2.0.1.R36x_v20101202.jar,reference:file:/Users/delacyr/.m2/repository/p2/osgi/bundle/org.eclipse.equinox.p2.engine/2.0.1.R36x_v20110201/org.eclipse.equinox.p2.engine-2.0.1.R36x_v20110201.jar,reference:file:/Users/delacyr/.m2/repository/p2/osgi/bundle/org.eclipse.help/3.5.0.v20100524/org.eclipse.help-3.5.0.v20100524.jar,reference:file:/Users/delacyr/.m2/repository/p2/osgi/bundle/org.eclipse.swt/3.6.2.v3659c/org.eclipse.swt-3.6.2.v3659c.jar,reference:file:/Users/delacyr/.m2/repository/p2/osgi/bundle/org.eclipse.jface.databinding/1.4.0.I20100601-0800/org.eclipse.jface.databinding-1.4.0.I20100601-0800.jar,reference:file:/Users/delacyr/.m2/repository/p2/osgi/bundle/org.eclipse.text/3.5.0.v20100601-1300/org.eclipse.text-3.5.0.v20100601-1300.jar,reference:file:/Users/delacyr/.m2/repository/p2/osgi/bundle/org.eclipse.jface.text/3.6.1.r361_v20100825-0800/org.eclipse.jface.text-3.6.1.r361_v20100825-0800.jar,reference:file:/Users/delacyr/.m2/repository/p2/osgi/bundle/javax.servlet/2.5.0.v200910301333/javax.servlet-2.5.0.v200910301333.jar,reference:file:/Users/delacyr/.m2/repository/p2/osgi/bundle/org.eclipse.ui.workbench/3.6.2.M20110210-1200/org.eclipse.ui.workbench-3.6.2.M20110210-1200.jar,reference:file:/Users/delacyr/.m2/repository/p2/osgi/bundle/org.eclipse.ui.forms/3.5.2.r36_v20100702/org.eclipse.ui.forms-3.5.2.r36_v20100702.jar,reference:file:/Users/delacyr/.m2/repository/p2/osgi/bundle/org.eclipse.ui.views/3.5.1.M20110202-0800/org.eclipse.ui.views-3.5.1.M20110202-0800.jar,reference:file:/Users/delacyr/.m2/repository/p2/osgi/bundle/org.eclipse.ui.ide/3.6.2.M20101201-0800/org.eclipse.ui.ide-3.6.2.M20101201-0800.jar,reference:file:/Users/delacyr/.m2/repository/p2/osgi/bundle/org.eclipse.ui.ide.application/1.0.201.M20100707-0800/org.eclipse.ui.ide.application-1.0.201.M20100707-0800.jar,reference:file:/Users/delacyr/.m2/repository/p2/osgi/bundle/org.junit/4.8.1.v4_8_1_v20100427-1100/org.junit-4.8.1.v4_8_1_v20100427-1100.jar,reference:file:/Users/delacyr/.m2/repository/p2/osgi/bundle/org.hamcrest.core/1.1.0.v20090501071000/org.hamcrest.core-1.1.0.v20090501071000.jar,reference:file:/Users/delacyr/.m2/repository/p2/osgi/bundle/org.eclipse.equinox.launcher/1.1.1.R36x_v20101122_1400/org.eclipse.equinox.launcher-1.1.1.R36x_v20101122_1400.jar,reference:file:/Users/delacyr/.m2/repository/p2/osgi/bundle/org.eclipse.swt.cocoa.macosx.x86_64/3.6.2.v3659b/org.eclipse.swt.cocoa.macosx.x86_64-3.6.2.v3659b.jar,reference:file:/Users/delacyr/.m2/repository/org/eclipse/tycho/org.eclipse.tycho.surefire.osgibooter/0.22.0/org.eclipse.tycho.surefire.osgibooter-0.22.0.jar,reference:file:/Users/delacyr/.m2/repository/org/eclipse/tycho/org.eclipse.tycho.surefire.junit4/0.22.0/org.eclipse.tycho.surefire.junit4-0.22.0.jar"/>
    <property name="http.nonProxyHosts" value="local|*.local|169.254/16|*.169.254/16"/>
    <property name="java.endorsed.dirs" value="/Library/Java/JavaVirtualMachines/jdk1.8.0_181.jdk/Contents/Home/jre/lib/endorsed"/>
    <property name="sun.cpu.isalist" value=""/>
    <property name="sun.jnu.encoding" value="UTF-8"/>
    <property name="eclipse.application" value="org.eclipse.tycho.surefire.osgibooter.headlesstest"/>
    <property name="file.encoding.pkg" value="sun.io"/>
    <property name="org.osgi.framework.vendor" value="Eclipse"/>
    <property name="file.separator" value="/"/>
    <property name="java.specification.name" value="Java Platform API Specification"/>
    <property name="osgi.checkConfiguration" value="true"/>
    <property name="java.class.version" value="52.0"/>
    <property name="user.country" value="BR"/>
    <property name="osgi.configuration.cascaded" value="false"/>
    <property name="java.home" value="/Library/Java/JavaVirtualMachines/jdk1.8.0_181.jdk/Contents/Home/jre"/>
    <property name="osgi.os" value="macosx"/>
    <property name="eclipse.commands" value="-data&#10;/Users/delacyr/git/bplframework/bpmn2/org.eclipse.bpmn2.tools.ecoremerger/target/work/data&#10;-install&#10;/Users/delacyr/git/bplframework/bpmn2/org.eclipse.bpmn2.tools.ecoremerger/target/work&#10;-configuration&#10;/Users/delacyr/git/bplframework/bpmn2/org.eclipse.bpmn2.tools.ecoremerger/target/work/configuration&#10;-application&#10;org.eclipse.tycho.surefire.osgibooter.headlesstest&#10;-testproperties&#10;/Users/delacyr/git/bplframework/bpmn2/org.eclipse.bpmn2.tools.ecoremerger/target/surefire.properties&#10;"/>
    <property name="java.vm.info" value="mixed mode"/>
    <property name="os.version" value="10.13.6"/>
    <property name="osgi.arch" value="x86_64"/>
    <property name="path.separator" value=":"/>
    <property name="java.vm.version" value="25.181-b13"/>
    <property name="org.osgi.supports.framework.fragment" value="true"/>
    <property name="osgi.framework.shape" value="jar"/>
    <property name="java.awt.printerjob" value="sun.lwawt.macosx.CPrinterJob"/>
    <property name="sun.io.unicode.encoding" value="UnicodeBig"/>
    <property name="org.osgi.framework.version" value="1.5.0"/>
    <property name="awt.toolkit" value="sun.lwawt.macosx.LWCToolkit"/>
    <property name="socksNonProxyHosts" value="local|*.local|169.254/16|*.169.254/16"/>
    <property name="ftp.nonProxyHosts" value="local|*.local|169.254/16|*.169.254/16"/>
    <property name="osgi.dev" value="file:/Users/delacyr/git/bplframework/bpmn2/org.eclipse.bpmn2.tools.ecoremerger/target/work/dev.properties"/>
    <property name="osgi.install.area" value="file:/Users/delacyr/git/bplframework/bpmn2/org.eclipse.bpmn2.tools.ecoremerger/target/work/"/>
    <property name="osgi.framework" value="file:/Users/delacyr/.m2/repository/p2/osgi/bundle/org.eclipse.osgi/3.6.2.R36x_v20110210/org.eclipse.osgi-3.6.2.R36x_v20110210.jar"/>
    <property name="user.home" value="/Users/delacyr"/>
    <property name="osgi.bundlestore" value="/Users/delacyr/git/bplframework/bpmn2/org.eclipse.bpmn2.tools.ecoremerger/target/work/configuration/org.eclipse.osgi/bundles"/>
    <property name="java.specification.vendor" value="Oracle Corporation"/>
    <property name="osgi.nl" value="pt_BR"/>
    <property name="java.library.path" value="/Users/delacyr/Library/Java/Extensions:/Library/Java/Extensions:/Network/Library/Java/Extensions:/System/Library/Java/Extensions:/usr/lib/java:."/>
    <property name="java.vendor.url" value="http://java.oracle.com/"/>
    <property name="osgi.bundlefile.limit" value="100"/>
    <property name="eclipse.startTime" value="1535159413894"/>
    <property name="org.osgi.framework.os.version" value="10.13.6"/>
    <property name="java.vm.vendor" value="Oracle Corporation"/>
    <property name="gopherProxySet" value="false"/>
    <property name="java.runtime.name" value="Java(TM) SE Runtime Environment"/>
    <property name="sun.java.command" value="/Users/delacyr/.m2/repository/p2/osgi/bundle/org.eclipse.equinox.launcher/1.1.1.R36x_v20101122_1400/org.eclipse.equinox.launcher-1.1.1.R36x_v20101122_1400.jar -data /Users/delacyr/git/bplframework/bpmn2/org.eclipse.bpmn2.tools.ecoremerger/target/work/data -install /Users/delacyr/git/bplframework/bpmn2/org.eclipse.bpmn2.tools.ecoremerger/target/work -configuration /Users/delacyr/git/bplframework/bpmn2/org.eclipse.bpmn2.tools.ecoremerger/target/work/configuration -application org.eclipse.tycho.surefire.osgibooter.headlesstest -testproperties /Users/delacyr/git/bplframework/bpmn2/org.eclipse.bpmn2.tools.ecoremerger/target/surefire.properties"/>
    <property name="java.class.path" value="/Users/delacyr/.m2/repository/p2/osgi/bundle/org.eclipse.equinox.launcher/1.1.1.R36x_v20101122_1400/org.eclipse.equinox.launcher-1.1.1.R36x_v20101122_1400.jar"/>
    <property name="java.vm.specification.name" value="Java Virtual Machine Specification"/>
    <property name="java.vm.specification.version" value="1.8"/>
    <property name="sun.os.patch.level" value="unknown"/>
    <property name="sun.cpu.endian" value="little"/>
    <property name="java.io.tmpdir" value="/var/folders/zf/3v9cx5nd5bx2n_zqnn5920n00000gn/T/"/>
    <property name="java.vendor.url.bug" value="http://bugreport.sun.com/bugreport/"/>
    <property name="eclipse.home.location" value="file:/Users/delacyr/git/bplframework/bpmn2/org.eclipse.bpmn2.tools.ecoremerger/target/work/"/>
    <property name="java.awt.graphicsenv" value="sun.awt.CGraphicsEnvironment"/>
    <property name="os.arch" value="x86_64"/>
    <property name="java.ext.dirs" value="/Users/delacyr/Library/Java/Extensions:/Library/Java/JavaVirtualMachines/jdk1.8.0_181.jdk/Contents/Home/jre/lib/ext:/Library/Java/Extensions:/Network/Library/Java/Extensions:/System/Library/Java/Extensions:/usr/lib/java"/>
    <property name="user.dir" value="/Users/delacyr/git/bplframework/bpmn2/org.eclipse.bpmn2.tools.ecoremerger"/>
    <property name="org.osgi.supports.framework.requirebundle" value="true"/>
    <property name="osgi.clean" value="true"/>
    <property name="line.separator" value="&#10;"/>
    <property name="java.vm.name" value="Java HotSpot(TM) 64-Bit Server VM"/>
    <property name="file.encoding" value="UTF-8"/>
    <property name="osgi.framework.version" value="3.6.2.R36x_v20110210"/>
    <property name="java.specification.version" value="1.8"/>
    <property name="org.osgi.framework.executionenvironment" value="OSGi/Minimum-1.0,OSGi/Minimum-1.1,OSGi/Minimum-1.2,JRE-1.1,J2SE-1.2,J2SE-1.3,J2SE-1.4,J2SE-1.5,JavaSE-1.6,JavaSE-1.7"/>
    <property name="osgi.configuration.area" value="file:/Users/delacyr/git/bplframework/bpmn2/org.eclipse.bpmn2.tools.ecoremerger/target/work/configuration/"/>
    <property name="osgi.logfile" value="/Users/delacyr/git/bplframework/bpmn2/org.eclipse.bpmn2.tools.ecoremerger/target/work/configuration/1535159414176.log"/>
  </properties>
  <testcase name="loadAll" classname="org.eclipse.bpmn2.tools.ecoremerger.ProcessorTest" time="0.002"/>
</testsuite>